Build started 9/17/2012 12:56:19 PM.
     1>Project "C:\Users\student\Documents\GitHub\intro-C-Plus-Plus\Assignment04Average\Assignment04Average\Assignment04Average.vcxproj" on node 2 (build target(s)).
     1>InitializeBuildStatus:
         Creating "Debug\Assignment04Average.unsuccessfulbuild" because "AlwaysCreate" was specified.
       ClCompile:
         c:\Program Files (x86)\Microsoft Visual Studio 10.0\VC\bin\CL.exe /c /ZI /nologo /W3 /WX- /Od /Oy- /D _MBCS /Gm /EHsc /RTC1 /MDd /GS /fp:precise /Zc:wchar_t /Zc:forScope /Fo"Debug\\" /Fd"Debug\vc100.pdb" /Gd /TP /analyze- /errorReport:prompt main.cpp
         main.cpp
     1>c:\users\student\documents\github\intro-c-plus-plus\assignment04average\assignment04average\main.cpp(10): warning C4305: 'initializing' : truncation from 'double' to 'float'
     1>c:\users\student\documents\github\intro-c-plus-plus\assignment04average\assignment04average\main.cpp(11): warning C4305: 'initializing' : truncation from 'double' to 'float'
     1>c:\users\student\documents\github\intro-c-plus-plus\assignment04average\assignment04average\main.cpp(12): warning C4305: 'initializing' : truncation from 'double' to 'float'
       Link:
         c:\Program Files (x86)\Microsoft Visual Studio 10.0\VC\bin\link.exe /ERRORREPORT:PROMPT /OUT:"C:\Users\student\Documents\GitHub\intro-C-Plus-Plus\Assignment04Average\Debug\Assignment04Average.exe" /NOLOGO kernel32.lib user32.lib gdi32.lib winspool.lib comdlg32.lib advapi32.lib shell32.lib ole32.lib oleaut32.lib uuid.lib odbc32.lib odbccp32.lib /MANIFEST /ManifestFile:"Debug\Assignment04Average.exe.intermediate.manifest" /MANIFESTUAC:"level='asInvoker' uiAccess='false'" /DEBUG /PDB:"C:\Users\student\Documents\GitHub\intro-C-Plus-Plus\Assignment04Average\Debug\Assignment04Average.pdb" /TLBID:1 /DYNAMICBASE /NXCOMPAT /IMPLIB:"C:\Users\student\Documents\GitHub\intro-C-Plus-Plus\Assignment04Average\Debug\Assignment04Average.lib" /MACHINE:X86 Debug\main.obj
         LINK : C:\Users\student\Documents\GitHub\intro-C-Plus-Plus\Assignment04Average\Debug\Assignment04Average.exe not found or not built by the last incremental link; performing full link
         Assignment04Average.vcxproj -> C:\Users\student\Documents\GitHub\intro-C-Plus-Plus\Assignment04Average\Debug\Assignment04Average.exe
       Manifest:
         C:\Program Files (x86)\Microsoft SDKs\Windows\v7.0A\bin\mt.exe /nologo /verbose /outputresource:"C:\Users\student\Documents\GitHub\intro-C-Plus-Plus\Assignment04Average\Debug\Assignment04Average.exe;#1" /manifest Debug\Assignment04Average.exe.intermediate.manifest
       FinalizeBuildStatus:
         Deleting file "Debug\Assignment04Average.unsuccessfulbuild".
         Touching "Debug\Assignment04Average.lastbuildstate".
     1>Done Building Project "C:\Users\student\Documents\GitHub\intro-C-Plus-Plus\Assignment04Average\Assignment04Average\Assignment04Average.vcxproj" (build target(s)).

Build succeeded.

Time Elapsed 00:00:00.62
