Build started 11/19/2012 12:52:48 PM.
     1>Project "C:\Users\student\Documents\GitHub\intro-C-Plus-Plus\11142012Overloading\11142012Overloading\11142012Overloading.vcxproj" on node 2 (build target(s)).
     1>InitializeBuildStatus:
         Creating "Debug\11142012Overloading.unsuccessfulbuild" because "AlwaysCreate" was specified.
       ClCompile:
         c:\Program Files (x86)\Microsoft Visual Studio 10.0\VC\bin\CL.exe /c /ZI /nologo /W3 /WX- /Od /Oy- /D _MBCS /Gm /EHsc /RTC1 /MDd /GS /fp:precise /Zc:wchar_t /Zc:forScope /Fo"Debug\\" /Fd"Debug\vc100.pdb" /Gd /TP /analyze- /errorReport:prompt main.cpp
         main.cpp
       Link:
         c:\Program Files (x86)\Microsoft Visual Studio 10.0\VC\bin\link.exe /ERRORREPORT:PROMPT /OUT:"C:\Users\student\Documents\GitHub\intro-C-Plus-Plus\11142012Overloading\Debug\11142012Overloading.exe" /NOLOGO kernel32.lib user32.lib gdi32.lib winspool.lib comdlg32.lib advapi32.lib shell32.lib ole32.lib oleaut32.lib uuid.lib odbc32.lib odbccp32.lib /MANIFEST /ManifestFile:"Debug\11142012Overloading.exe.intermediate.manifest" /MANIFESTUAC:"level='asInvoker' uiAccess='false'" /DEBUG /PDB:"C:\Users\student\Documents\GitHub\intro-C-Plus-Plus\11142012Overloading\Debug\11142012Overloading.pdb" /TLBID:1 /DYNAMICBASE /NXCOMPAT /IMPLIB:"C:\Users\student\Documents\GitHub\intro-C-Plus-Plus\11142012Overloading\Debug\11142012Overloading.lib" /MACHINE:X86 Debug\Box.obj
         Debug\main.obj
         LINK : C:\Users\student\Documents\GitHub\intro-C-Plus-Plus\11142012Overloading\Debug\11142012Overloading.exe not found or not built by the last incremental link; performing full link
         11142012Overloading.vcxproj -> C:\Users\student\Documents\GitHub\intro-C-Plus-Plus\11142012Overloading\Debug\11142012Overloading.exe
       Manifest:
         C:\Program Files (x86)\Microsoft SDKs\Windows\v7.0A\bin\mt.exe /nologo /verbose /outputresource:"C:\Users\student\Documents\GitHub\intro-C-Plus-Plus\11142012Overloading\Debug\11142012Overloading.exe;#1" /manifest Debug\11142012Overloading.exe.intermediate.manifest
       FinalizeBuildStatus:
         Deleting file "Debug\11142012Overloading.unsuccessfulbuild".
         Touching "Debug\11142012Overloading.lastbuildstate".
     1>Done Building Project "C:\Users\student\Documents\GitHub\intro-C-Plus-Plus\11142012Overloading\11142012Overloading\11142012Overloading.vcxproj" (build target(s)).

Build succeeded.

Time Elapsed 00:00:00.84
