Build started 10/3/2012 2:11:44 PM.
     1>Project "c:\Users\student\documents\visual studio 2010\Projects\Assignment10MenuProgram\Assignment10MenuProgram\Assignment10MenuProgram.vcxproj" on node 2 (build target(s)).
     1>InitializeBuildStatus:
         Creating "Debug\Assignment10MenuProgram.unsuccessfulbuild" because "AlwaysCreate" was specified.
       ClCompile:
         c:\Program Files (x86)\Microsoft Visual Studio 10.0\VC\bin\CL.exe /c /ZI /nologo /W3 /WX- /Od /Oy- /D _MBCS /Gm /EHsc /RTC1 /MDd /GS /fp:precise /Zc:wchar_t /Zc:forScope /Fo"Debug\\" /Fd"Debug\vc100.pdb" /Gd /TP /analyze- /errorReport:prompt main.cpp
         main.cpp
     1>c:\users\student\documents\visual studio 2010\projects\assignment10menuprogram\assignment10menuprogram\main.cpp(83): warning C4715: 'CheckInput' : not all control paths return a value
       Link:
         c:\Program Files (x86)\Microsoft Visual Studio 10.0\VC\bin\link.exe /ERRORREPORT:PROMPT /OUT:"c:\users\student\documents\visual studio 2010\Projects\Assignment10MenuProgram\Debug\Assignment10MenuProgram.exe" /NOLOGO kernel32.lib user32.lib gdi32.lib winspool.lib comdlg32.lib advapi32.lib shell32.lib ole32.lib oleaut32.lib uuid.lib odbc32.lib odbccp32.lib /MANIFEST /ManifestFile:"Debug\Assignment10MenuProgram.exe.intermediate.manifest" /MANIFESTUAC:"level='asInvoker' uiAccess='false'" /DEBUG /PDB:"c:\users\student\documents\visual studio 2010\Projects\Assignment10MenuProgram\Debug\Assignment10MenuProgram.pdb" /TLBID:1 /DYNAMICBASE /NXCOMPAT /IMPLIB:"c:\users\student\documents\visual studio 2010\Projects\Assignment10MenuProgram\Debug\Assignment10MenuProgram.lib" /MACHINE:X86 Debug\main.obj
         LINK : c:\users\student\documents\visual studio 2010\Projects\Assignment10MenuProgram\Debug\Assignment10MenuProgram.exe not found or not built by the last incremental link; performing full link
         Assignment10MenuProgram.vcxproj -> c:\users\student\documents\visual studio 2010\Projects\Assignment10MenuProgram\Debug\Assignment10MenuProgram.exe
       Manifest:
         C:\Program Files (x86)\Microsoft SDKs\Windows\v7.0A\bin\mt.exe /nologo /verbose /outputresource:"c:\users\student\documents\visual studio 2010\Projects\Assignment10MenuProgram\Debug\Assignment10MenuProgram.exe;#1" /manifest Debug\Assignment10MenuProgram.exe.intermediate.manifest
       FinalizeBuildStatus:
         Deleting file "Debug\Assignment10MenuProgram.unsuccessfulbuild".
         Touching "Debug\Assignment10MenuProgram.lastbuildstate".
     1>Done Building Project "c:\Users\student\documents\visual studio 2010\Projects\Assignment10MenuProgram\Assignment10MenuProgram\Assignment10MenuProgram.vcxproj" (build target(s)).

Build succeeded.

Time Elapsed 00:00:00.62
