Build started 9/5/2012 1:55:24 PM.
     1>Project "C:\Users\student\Documents\GitHub\intro-C-Plus-Plus\FreshStart02\FreshStart02\FreshStart02.vcxproj" on node 2 (build target(s)).
     1>InitializeBuildStatus:
         Creating "Debug\FreshStart02.unsuccessfulbuild" because "AlwaysCreate" was specified.
       ClCompile:
         c:\Program Files (x86)\Microsoft Visual Studio 10.0\VC\bin\CL.exe /c /ZI /nologo /W3 /WX- /Od /Oy- /D _MBCS /Gm /EHsc /RTC1 /MDd /GS /fp:precise /Zc:wchar_t /Zc:forScope /Fo"Debug\\" /Fd"Debug\vc100.pdb" /Gd /TP /analyze- /errorReport:prompt Main.cpp
         Main.cpp
     1>c:\users\student\documents\github\intro-c-plus-plus\freshstart02\freshstart02\main.cpp(39): warning C4996: 'getch': The POSIX name for this item is deprecated. Instead, use the ISO C++ conformant name: _getch. See online help for details.
                 c:\program files (x86)\microsoft visual studio 10.0\vc\include\conio.h(128) : see declaration of 'getch'
       Link:
         c:\Program Files (x86)\Microsoft Visual Studio 10.0\VC\bin\link.exe /ERRORREPORT:PROMPT /OUT:"C:\Users\student\Documents\GitHub\intro-C-Plus-Plus\FreshStart02\Debug\FreshStart02.exe" /NOLOGO kernel32.lib user32.lib gdi32.lib winspool.lib comdlg32.lib advapi32.lib shell32.lib ole32.lib oleaut32.lib uuid.lib odbc32.lib odbccp32.lib /MANIFEST /ManifestFile:"Debug\FreshStart02.exe.intermediate.manifest" /MANIFESTUAC:"level='asInvoker' uiAccess='false'" /DEBUG /PDB:"C:\Users\student\Documents\GitHub\intro-C-Plus-Plus\FreshStart02\Debug\FreshStart02.pdb" /TLBID:1 /DYNAMICBASE /NXCOMPAT /IMPLIB:"C:\Users\student\Documents\GitHub\intro-C-Plus-Plus\FreshStart02\Debug\FreshStart02.lib" /MACHINE:X86 Debug\Main.obj
         LINK : C:\Users\student\Documents\GitHub\intro-C-Plus-Plus\FreshStart02\Debug\FreshStart02.exe not found or not built by the last incremental link; performing full link
         FreshStart02.vcxproj -> C:\Users\student\Documents\GitHub\intro-C-Plus-Plus\FreshStart02\Debug\FreshStart02.exe
       Manifest:
         C:\Program Files (x86)\Microsoft SDKs\Windows\v7.0A\bin\mt.exe /nologo /verbose /outputresource:"C:\Users\student\Documents\GitHub\intro-C-Plus-Plus\FreshStart02\Debug\FreshStart02.exe;#1" /manifest Debug\FreshStart02.exe.intermediate.manifest
       FinalizeBuildStatus:
         Deleting file "Debug\FreshStart02.unsuccessfulbuild".
         Touching "Debug\FreshStart02.lastbuildstate".
     1>Done Building Project "C:\Users\student\Documents\GitHub\intro-C-Plus-Plus\FreshStart02\FreshStart02\FreshStart02.vcxproj" (build target(s)).

Build succeeded.

Time Elapsed 00:00:00.57
