Build started 12/19/2012 7:18:53 PM.
     1>Project "C:\Users\CliffHanger\Documents\GitHub\intro-C-Plus-Plus\Assignment18OpenGL\GL2\GL2.vcxproj" on node 2 (build target(s)).
     1>InitializeBuildStatus:
         Touching "Debug\GL2.unsuccessfulbuild".
       ClCompile:
         c:\Program Files (x86)\Microsoft Visual Studio 10.0\VC\bin\CL.exe /c /ZI /nologo /W3 /WX- /Od /Oy- /D _MBCS /Gm /EHsc /RTC1 /MDd /GS /fp:precise /Zc:wchar_t /Zc:forScope /Fo"Debug\\" /Fd"Debug\vc100.pdb" /Gd /TP /analyze- /errorReport:prompt main.cpp
         main.cpp
       Link:
         c:\Program Files (x86)\Microsoft Visual Studio 10.0\VC\bin\link.exe /ERRORREPORT:PROMPT /OUT:"C:\Users\CliffHanger\Documents\GitHub\intro-C-Plus-Plus\Assignment18OpenGL\Debug\GL2.exe" /NOLOGO kernel32.lib user32.lib gdi32.lib winspool.lib comdlg32.lib advapi32.lib shell32.lib ole32.lib oleaut32.lib uuid.lib odbc32.lib odbccp32.lib /MANIFEST /ManifestFile:"Debug\GL2.exe.intermediate.manifest" /MANIFESTUAC:"level='asInvoker' uiAccess='false'" /DEBUG /PDB:"C:\Users\CliffHanger\Documents\GitHub\intro-C-Plus-Plus\Assignment18OpenGL\Debug\GL2.pdb" /TLBID:1 /DYNAMICBASE /NXCOMPAT /IMPLIB:"C:\Users\CliffHanger\Documents\GitHub\intro-C-Plus-Plus\Assignment18OpenGL\Debug\GL2.lib" /MACHINE:X86 Debug\main.obj
         Debug\shape.obj
         LINK : C:\Users\CliffHanger\Documents\GitHub\intro-C-Plus-Plus\Assignment18OpenGL\Debug\GL2.exe not found or not built by the last incremental link; performing full link
         GL2.vcxproj -> C:\Users\CliffHanger\Documents\GitHub\intro-C-Plus-Plus\Assignment18OpenGL\Debug\GL2.exe
       Manifest:
         C:\Program Files (x86)\Microsoft SDKs\Windows\v7.0A\bin\mt.exe /nologo /verbose /outputresource:"C:\Users\CliffHanger\Documents\GitHub\intro-C-Plus-Plus\Assignment18OpenGL\Debug\GL2.exe;#1" /manifest Debug\GL2.exe.intermediate.manifest
       FinalizeBuildStatus:
         Deleting file "Debug\GL2.unsuccessfulbuild".
         Touching "Debug\GL2.lastbuildstate".
     1>Done Building Project "C:\Users\CliffHanger\Documents\GitHub\intro-C-Plus-Plus\Assignment18OpenGL\GL2\GL2.vcxproj" (build target(s)).

Build succeeded.

Time Elapsed 00:00:01.02
